09-Dec-2021 02:05:28.368 INFO [main] org.apache.catalina.core.StandardServer.await A valid shutdown command was received via the shutdown port. Stopping the Server instance.
09-Dec-2021 02:05:28.370 INFO [main] org.apache.coyote.AbstractProtocol.pause Pausing ProtocolHandler ["http-nio-8081"]
09-Dec-2021 02:05:28.378 INFO [main] org.apache.catalina.core.StandardService.stopInternal Stopping service [Catalina]
09-Dec-2021 02:05:28.444 INFO [main] org.apache.coyote.AbstractProtocol.stop Stopping ProtocolHandler ["http-nio-8081"]
09-Dec-2021 02:05:28.448 INFO [main] org.apache.coyote.AbstractProtocol.destroy Destroying ProtocolHandler ["http-nio-8081"]
09-Dec-2021 02:10:29.994 INFO [main] org.apache.catalina.startup.VersionLoggerListener.log Server version name:   Apache Tomcat/8.5.73
09-Dec-2021 02:10:30.002 INFO [main] org.apache.catalina.startup.VersionLoggerListener.log Server built:          Nov 11 2021 13:14:36 UTC
09-Dec-2021 02:10:30.002 INFO [main] org.apache.catalina.startup.VersionLoggerListener.log Server version number: 8.5.73.0
09-Dec-2021 02:10:30.002 INFO [main] org.apache.catalina.startup.VersionLoggerListener.log OS Name:               Linux
09-Dec-2021 02:10:30.002 INFO [main] org.apache.catalina.startup.VersionLoggerListener.log OS Version:            5.11.0-1020-aws
09-Dec-2021 02:10:30.003 INFO [main] org.apache.catalina.startup.VersionLoggerListener.log Architecture:          amd64
09-Dec-2021 02:10:30.003 INFO [main] org.apache.catalina.startup.VersionLoggerListener.log Java Home:             /usr/lib/jvm/java-8-openjdk-amd64/jre
09-Dec-2021 02:10:30.003 INFO [main] org.apache.catalina.startup.VersionLoggerListener.log JVM Version:           1.8.0_292-8u292-b10-0ubuntu1~20.04-b10
09-Dec-2021 02:10:30.003 INFO [main] org.apache.catalina.startup.VersionLoggerListener.log JVM Vendor:            Private Build
09-Dec-2021 02:10:30.003 INFO [main] org.apache.catalina.startup.VersionLoggerListener.log CATALINA_BASE:         /opt/tomcat/apache-tomcat-8.5.73
09-Dec-2021 02:10:30.003 INFO [main] org.apache.catalina.startup.VersionLoggerListener.log CATALINA_HOME:         /opt/tomcat/apache-tomcat-8.5.73
09-Dec-2021 02:10:30.003 INFO [main] org.apache.catalina.startup.VersionLoggerListener.log Command line argument: -Djava.util.logging.config.file=/opt/tomcat/apache-tomcat-8.5.73/conf/logging.properties
09-Dec-2021 02:10:30.003 INFO [main] org.apache.catalina.startup.VersionLoggerListener.log Command line argument: -Djava.util.logging.manager=org.apache.juli.ClassLoaderLogManager
09-Dec-2021 02:10:30.003 INFO [main] org.apache.catalina.startup.VersionLoggerListener.log Command line argument: -Djdk.tls.ephemeralDHKeySize=2048
09-Dec-2021 02:10:30.003 INFO [main] org.apache.catalina.startup.VersionLoggerListener.log Command line argument: -Djava.protocol.handler.pkgs=org.apache.catalina.webresources
09-Dec-2021 02:10:30.004 INFO [main] org.apache.catalina.startup.VersionLoggerListener.log Command line argument: -Dorg.apache.catalina.security.SecurityListener.UMASK=0027
09-Dec-2021 02:10:30.004 INFO [main] org.apache.catalina.startup.VersionLoggerListener.log Command line argument: -Dignore.endorsed.dirs=
09-Dec-2021 02:10:30.004 INFO [main] org.apache.catalina.startup.VersionLoggerListener.log Command line argument: -Dcatalina.base=/opt/tomcat/apache-tomcat-8.5.73
09-Dec-2021 02:10:30.004 INFO [main] org.apache.catalina.startup.VersionLoggerListener.log Command line argument: -Dcatalina.home=/opt/tomcat/apache-tomcat-8.5.73
09-Dec-2021 02:10:30.007 INFO [main] org.apache.catalina.startup.VersionLoggerListener.log Command line argument: -Djava.io.tmpdir=/opt/tomcat/apache-tomcat-8.5.73/temp
09-Dec-2021 02:10:30.007 INFO [main] org.apache.catalina.core.AprLifecycleListener.lifecycleEvent The Apache Tomcat Native library which allows using OpenSSL was not found on the java.library.path: [/usr/java/packages/lib/amd64:/usr/lib/x86_64-linux-gnu/jni:/lib/x86_64-linux-gnu:/usr/lib/x86_64-linux-gnu:/usr/lib/jni:/lib:/usr/lib]
09-Dec-2021 02:10:30.241 INFO [main] org.apache.coyote.AbstractProtocol.init Initializing ProtocolHandler ["http-nio-8081"]
09-Dec-2021 02:10:30.275 INFO [main] org.apache.tomcat.util.net.NioSelectorPool.getSharedSelector Using a shared selector for servlet write/read
09-Dec-2021 02:10:30.310 INFO [main] org.apache.catalina.startup.Catalina.load Initialization processed in 1433 ms
09-Dec-2021 02:10:30.394 INFO [main] org.apache.catalina.core.StandardService.startInternal Starting service [Catalina]
09-Dec-2021 02:10:30.394 INFO [main] org.apache.catalina.core.StandardEngine.startInternal Starting Servlet engine: [Apache Tomcat/8.5.73]
09-Dec-2021 02:10:30.428 INFO [localhost-startStop-1] org.apache.catalina.startup.HostConfig.deployDirectory Deploying web application directory [/opt/tomcat/apache-tomcat-8.5.73/webapps/manager]
09-Dec-2021 02:10:30.984 INFO [localhost-startStop-1] org.apache.catalina.startup.HostConfig.deployDirectory Deployment of web application directory [/opt/tomcat/apache-tomcat-8.5.73/webapps/manager] has finished in [551] ms
09-Dec-2021 02:10:30.984 INFO [localhost-startStop-1] org.apache.catalina.startup.HostConfig.deployDirectory Deploying web application directory [/opt/tomcat/apache-tomcat-8.5.73/webapps/docs]
09-Dec-2021 02:10:31.025 INFO [localhost-startStop-1] org.apache.catalina.startup.HostConfig.deployDirectory Deployment of web application directory [/opt/tomcat/apache-tomcat-8.5.73/webapps/docs] has finished in [41] ms
09-Dec-2021 02:10:31.028 INFO [localhost-startStop-1] org.apache.catalina.startup.HostConfig.deployDirectory Deploying web application directory [/opt/tomcat/apache-tomcat-8.5.73/webapps/examples]
09-Dec-2021 02:10:31.521 INFO [localhost-startStop-1] org.apache.catalina.startup.HostConfig.deployDirectory Deployment of web application directory [/opt/tomcat/apache-tomcat-8.5.73/webapps/examples] has finished in [493] ms
09-Dec-2021 02:10:31.522 INFO [localhost-startStop-1] org.apache.catalina.startup.HostConfig.deployDirectory Deploying web application directory [/opt/tomcat/apache-tomcat-8.5.73/webapps/host-manager]
09-Dec-2021 02:10:31.565 INFO [localhost-startStop-1] org.apache.catalina.startup.HostConfig.deployDirectory Deployment of web application directory [/opt/tomcat/apache-tomcat-8.5.73/webapps/host-manager] has finished in [42] ms
09-Dec-2021 02:10:31.565 INFO [localhost-startStop-1] org.apache.catalina.startup.HostConfig.deployDirectory Deploying web application directory [/opt/tomcat/apache-tomcat-8.5.73/webapps/ROOT]
09-Dec-2021 02:10:31.623 INFO [localhost-startStop-1] org.apache.catalina.startup.HostConfig.deployDirectory Deployment of web application directory [/opt/tomcat/apache-tomcat-8.5.73/webapps/ROOT] has finished in [58] ms
09-Dec-2021 02:10:31.629 INFO [main] org.apache.coyote.AbstractProtocol.start Starting ProtocolHandler ["http-nio-8081"]
09-Dec-2021 02:10:31.645 INFO [main] org.apache.catalina.startup.Catalina.start Server startup in 1334 ms
09-Dec-2021 02:28:51.773 INFO [ContainerBackgroundProcessor[StandardEngine[Catalina]]] org.apache.catalina.startup.HostConfig.undeploy Undeploying context [/manager]
09-Dec-2021 02:28:51.796 INFO [localhost-startStop-2] org.apache.catalina.startup.HostConfig.deployDirectory Deploying web application directory [/opt/tomcat/apache-tomcat-8.5.73/webapps/manager]
09-Dec-2021 02:28:51.834 INFO [localhost-startStop-2] org.apache.catalina.startup.HostConfig.deployDirectory Deployment of web application directory [/opt/tomcat/apache-tomcat-8.5.73/webapps/manager] has finished in [38] ms
09-Dec-2021 02:32:09.558 INFO [main] org.apache.catalina.core.StandardServer.await A valid shutdown command was received via the shutdown port. Stopping the Server instance.
09-Dec-2021 02:32:09.559 INFO [main] org.apache.coyote.AbstractProtocol.pause Pausing ProtocolHandler ["http-nio-8081"]
09-Dec-2021 02:32:09.563 INFO [main] org.apache.catalina.core.StandardService.stopInternal Stopping service [Catalina]
09-Dec-2021 02:32:09.609 INFO [main] org.apache.coyote.AbstractProtocol.stop Stopping ProtocolHandler ["http-nio-8081"]
09-Dec-2021 02:32:09.611 INFO [main] org.apache.coyote.AbstractProtocol.destroy Destroying ProtocolHandler ["http-nio-8081"]
09-Dec-2021 02:33:07.394 INFO [main] org.apache.catalina.startup.VersionLoggerListener.log Server version name:   Apache Tomcat/8.5.73
09-Dec-2021 02:33:07.398 INFO [main] org.apache.catalina.startup.VersionLoggerListener.log Server built:          Nov 11 2021 13:14:36 UTC
09-Dec-2021 02:33:07.399 INFO [main] org.apache.catalina.startup.VersionLoggerListener.log Server version number: 8.5.73.0
09-Dec-2021 02:33:07.400 INFO [main] org.apache.catalina.startup.VersionLoggerListener.log OS Name:               Linux
09-Dec-2021 02:33:07.401 INFO [main] org.apache.catalina.startup.VersionLoggerListener.log OS Version:            5.11.0-1020-aws
09-Dec-2021 02:33:07.401 INFO [main] org.apache.catalina.startup.VersionLoggerListener.log Architecture:          amd64
09-Dec-2021 02:33:07.401 INFO [main] org.apache.catalina.startup.VersionLoggerListener.log Java Home:             /usr/lib/jvm/java-8-openjdk-amd64/jre
09-Dec-2021 02:33:07.401 INFO [main] org.apache.catalina.startup.VersionLoggerListener.log JVM Version:           1.8.0_292-8u292-b10-0ubuntu1~20.04-b10
09-Dec-2021 02:33:07.401 INFO [main] org.apache.catalina.startup.VersionLoggerListener.log JVM Vendor:            Private Build
09-Dec-2021 02:33:07.402 INFO [main] org.apache.catalina.startup.VersionLoggerListener.log CATALINA_BASE:         /opt/tomcat/apache-tomcat-8.5.73
09-Dec-2021 02:33:07.402 INFO [main] org.apache.catalina.startup.VersionLoggerListener.log CATALINA_HOME:         /opt/tomcat/apache-tomcat-8.5.73
09-Dec-2021 02:33:07.404 INFO [main] org.apache.catalina.startup.VersionLoggerListener.log Command line argument: -Djava.util.logging.config.file=/opt/tomcat/apache-tomcat-8.5.73/conf/logging.properties
09-Dec-2021 02:33:07.405 INFO [main] org.apache.catalina.startup.VersionLoggerListener.log Command line argument: -Djava.util.logging.manager=org.apache.juli.ClassLoaderLogManager
09-Dec-2021 02:33:07.405 INFO [main] org.apache.catalina.startup.VersionLoggerListener.log Command line argument: -Djdk.tls.ephemeralDHKeySize=2048
09-Dec-2021 02:33:07.405 INFO [main] org.apache.catalina.startup.VersionLoggerListener.log Command line argument: -Djava.protocol.handler.pkgs=org.apache.catalina.webresources
09-Dec-2021 02:33:07.405 INFO [main] org.apache.catalina.startup.VersionLoggerListener.log Command line argument: -Dorg.apache.catalina.security.SecurityListener.UMASK=0027
09-Dec-2021 02:33:07.406 INFO [main] org.apache.catalina.startup.VersionLoggerListener.log Command line argument: -Dignore.endorsed.dirs=
09-Dec-2021 02:33:07.406 INFO [main] org.apache.catalina.startup.VersionLoggerListener.log Command line argument: -Dcatalina.base=/opt/tomcat/apache-tomcat-8.5.73
09-Dec-2021 02:33:07.408 INFO [main] org.apache.catalina.startup.VersionLoggerListener.log Command line argument: -Dcatalina.home=/opt/tomcat/apache-tomcat-8.5.73
09-Dec-2021 02:33:07.409 INFO [main] org.apache.catalina.startup.VersionLoggerListener.log Command line argument: -Djava.io.tmpdir=/opt/tomcat/apache-tomcat-8.5.73/temp
09-Dec-2021 02:33:07.409 INFO [main] org.apache.catalina.core.AprLifecycleListener.lifecycleEvent The Apache Tomcat Native library which allows using OpenSSL was not found on the java.library.path: [/usr/java/packages/lib/amd64:/usr/lib/x86_64-linux-gnu/jni:/lib/x86_64-linux-gnu:/usr/lib/x86_64-linux-gnu:/usr/lib/jni:/lib:/usr/lib]
09-Dec-2021 02:33:07.571 INFO [main] org.apache.coyote.AbstractProtocol.init Initializing ProtocolHandler ["http-nio-8081"]
09-Dec-2021 02:33:07.600 INFO [main] org.apache.tomcat.util.net.NioSelectorPool.getSharedSelector Using a shared selector for servlet write/read
09-Dec-2021 02:33:07.631 INFO [main] org.apache.catalina.startup.Catalina.load Initialization processed in 1262 ms
09-Dec-2021 02:33:07.699 INFO [main] org.apache.catalina.core.StandardService.startInternal Starting service [Catalina]
09-Dec-2021 02:33:07.700 INFO [main] org.apache.catalina.core.StandardEngine.startInternal Starting Servlet engine: [Apache Tomcat/8.5.73]
09-Dec-2021 02:33:07.723 INFO [localhost-startStop-1] org.apache.catalina.startup.HostConfig.deployDirectory Deploying web application directory [/opt/tomcat/apache-tomcat-8.5.73/webapps/manager]
09-Dec-2021 02:33:08.226 INFO [localhost-startStop-1] org.apache.catalina.startup.HostConfig.deployDirectory Deployment of web application directory [/opt/tomcat/apache-tomcat-8.5.73/webapps/manager] has finished in [502] ms
09-Dec-2021 02:33:08.227 INFO [localhost-startStop-1] org.apache.catalina.startup.HostConfig.deployDirectory Deploying web application directory [/opt/tomcat/apache-tomcat-8.5.73/webapps/docs]
09-Dec-2021 02:33:08.269 INFO [localhost-startStop-1] org.apache.catalina.startup.HostConfig.deployDirectory Deployment of web application directory [/opt/tomcat/apache-tomcat-8.5.73/webapps/docs] has finished in [42] ms
09-Dec-2021 02:33:08.269 INFO [localhost-startStop-1] org.apache.catalina.startup.HostConfig.deployDirectory Deploying web application directory [/opt/tomcat/apache-tomcat-8.5.73/webapps/examples]
09-Dec-2021 02:33:08.705 INFO [localhost-startStop-1] org.apache.catalina.startup.HostConfig.deployDirectory Deployment of web application directory [/opt/tomcat/apache-tomcat-8.5.73/webapps/examples] has finished in [436] ms
09-Dec-2021 02:33:08.705 INFO [localhost-startStop-1] org.apache.catalina.startup.HostConfig.deployDirectory Deploying web application directory [/opt/tomcat/apache-tomcat-8.5.73/webapps/host-manager]
09-Dec-2021 02:33:08.748 INFO [localhost-startStop-1] org.apache.catalina.startup.HostConfig.deployDirectory Deployment of web application directory [/opt/tomcat/apache-tomcat-8.5.73/webapps/host-manager] has finished in [43] ms
09-Dec-2021 02:33:08.748 INFO [localhost-startStop-1] org.apache.catalina.startup.HostConfig.deployDirectory Deploying web application directory [/opt/tomcat/apache-tomcat-8.5.73/webapps/ROOT]
09-Dec-2021 02:33:08.799 INFO [localhost-startStop-1] org.apache.catalina.startup.HostConfig.deployDirectory Deployment of web application directory [/opt/tomcat/apache-tomcat-8.5.73/webapps/ROOT] has finished in [51] ms
09-Dec-2021 02:33:08.813 INFO [main] org.apache.coyote.AbstractProtocol.start Starting ProtocolHandler ["http-nio-8081"]
09-Dec-2021 02:33:08.825 INFO [main] org.apache.catalina.startup.Catalina.start Server startup in 1194 ms
09-Dec-2021 02:51:58.954 INFO [ContainerBackgroundProcessor[StandardEngine[Catalina]]] org.apache.catalina.users.MemoryUserDatabase.backgroundProcess Reloading memory user database [UserDatabase] from updated source [file:/opt/tomcat/apache-tomcat-8.5.73/conf/tomcat-users.xml]
09-Dec-2021 02:57:14.557 INFO [main] org.apache.catalina.core.StandardServer.await A valid shutdown command was received via the shutdown port. Stopping the Server instance.
09-Dec-2021 02:57:14.557 INFO [main] org.apache.coyote.AbstractProtocol.pause Pausing ProtocolHandler ["http-nio-8081"]
09-Dec-2021 02:57:14.561 INFO [main] org.apache.catalina.core.StandardService.stopInternal Stopping service [Catalina]
09-Dec-2021 02:57:14.641 INFO [main] org.apache.coyote.AbstractProtocol.stop Stopping ProtocolHandler ["http-nio-8081"]
09-Dec-2021 02:57:14.643 INFO [main] org.apache.coyote.AbstractProtocol.destroy Destroying ProtocolHandler ["http-nio-8081"]
09-Dec-2021 02:58:51.860 INFO [main] org.apache.catalina.startup.VersionLoggerListener.log Server version name:   Apache Tomcat/8.5.73
09-Dec-2021 02:58:51.863 INFO [main] org.apache.catalina.startup.VersionLoggerListener.log Server built:          Nov 11 2021 13:14:36 UTC
09-Dec-2021 02:58:51.863 INFO [main] org.apache.catalina.startup.VersionLoggerListener.log Server version number: 8.5.73.0
09-Dec-2021 02:58:51.864 INFO [main] org.apache.catalina.startup.VersionLoggerListener.log OS Name:               Linux
09-Dec-2021 02:58:51.865 INFO [main] org.apache.catalina.startup.VersionLoggerListener.log OS Version:            5.11.0-1020-aws
09-Dec-2021 02:58:51.865 INFO [main] org.apache.catalina.startup.VersionLoggerListener.log Architecture:          amd64
09-Dec-2021 02:58:51.865 INFO [main] org.apache.catalina.startup.VersionLoggerListener.log Java Home:             /usr/lib/jvm/java-8-openjdk-amd64/jre
09-Dec-2021 02:58:51.865 INFO [main] org.apache.catalina.startup.VersionLoggerListener.log JVM Version:           1.8.0_292-8u292-b10-0ubuntu1~20.04-b10
09-Dec-2021 02:58:51.865 INFO [main] org.apache.catalina.startup.VersionLoggerListener.log JVM Vendor:            Private Build
09-Dec-2021 02:58:51.866 INFO [main] org.apache.catalina.startup.VersionLoggerListener.log CATALINA_BASE:         /opt/tomcat/apache-tomcat-8.5.73
09-Dec-2021 02:58:51.866 INFO [main] org.apache.catalina.startup.VersionLoggerListener.log CATALINA_HOME:         /opt/tomcat/apache-tomcat-8.5.73
09-Dec-2021 02:58:51.867 INFO [main] org.apache.catalina.startup.VersionLoggerListener.log Command line argument: -Djava.util.logging.config.file=/opt/tomcat/apache-tomcat-8.5.73/conf/logging.properties
09-Dec-2021 02:58:51.867 INFO [main] org.apache.catalina.startup.VersionLoggerListener.log Command line argument: -Djava.util.logging.manager=org.apache.juli.ClassLoaderLogManager
09-Dec-2021 02:58:51.867 INFO [main] org.apache.catalina.startup.VersionLoggerListener.log Command line argument: -Djdk.tls.ephemeralDHKeySize=2048
09-Dec-2021 02:58:51.868 INFO [main] org.apache.catalina.startup.VersionLoggerListener.log Command line argument: -Djava.protocol.handler.pkgs=org.apache.catalina.webresources
09-Dec-2021 02:58:51.868 INFO [main] org.apache.catalina.startup.VersionLoggerListener.log Command line argument: -Dorg.apache.catalina.security.SecurityListener.UMASK=0027
09-Dec-2021 02:58:51.868 INFO [main] org.apache.catalina.startup.VersionLoggerListener.log Command line argument: -Dignore.endorsed.dirs=
09-Dec-2021 02:58:51.872 INFO [main] org.apache.catalina.startup.VersionLoggerListener.log Command line argument: -Dcatalina.base=/opt/tomcat/apache-tomcat-8.5.73
09-Dec-2021 02:58:51.874 INFO [main] org.apache.catalina.startup.VersionLoggerListener.log Command line argument: -Dcatalina.home=/opt/tomcat/apache-tomcat-8.5.73
09-Dec-2021 02:58:51.874 INFO [main] org.apache.catalina.startup.VersionLoggerListener.log Command line argument: -Djava.io.tmpdir=/opt/tomcat/apache-tomcat-8.5.73/temp
09-Dec-2021 02:58:51.875 INFO [main] org.apache.catalina.core.AprLifecycleListener.lifecycleEvent The Apache Tomcat Native library which allows using OpenSSL was not found on the java.library.path: [/usr/java/packages/lib/amd64:/usr/lib/x86_64-linux-gnu/jni:/lib/x86_64-linux-gnu:/usr/lib/x86_64-linux-gnu:/usr/lib/jni:/lib:/usr/lib]
09-Dec-2021 02:58:52.041 INFO [main] org.apache.coyote.AbstractProtocol.init Initializing ProtocolHandler ["http-nio-8081"]
09-Dec-2021 02:58:52.069 INFO [main] org.apache.tomcat.util.net.NioSelectorPool.getSharedSelector Using a shared selector for servlet write/read
09-Dec-2021 02:58:52.104 INFO [main] org.apache.catalina.startup.Catalina.load Initialization processed in 1283 ms
09-Dec-2021 02:58:52.174 INFO [main] org.apache.catalina.core.StandardService.startInternal Starting service [Catalina]
09-Dec-2021 02:58:52.175 INFO [main] org.apache.catalina.core.StandardEngine.startInternal Starting Servlet engine: [Apache Tomcat/8.5.73]
09-Dec-2021 02:58:52.200 INFO [localhost-startStop-1] org.apache.catalina.startup.HostConfig.deployDirectory Deploying web application directory [/opt/tomcat/apache-tomcat-8.5.73/webapps/manager]
09-Dec-2021 02:58:52.749 INFO [localhost-startStop-1] org.apache.catalina.startup.HostConfig.deployDirectory Deployment of web application directory [/opt/tomcat/apache-tomcat-8.5.73/webapps/manager] has finished in [548] ms
09-Dec-2021 02:58:52.750 INFO [localhost-startStop-1] org.apache.catalina.startup.HostConfig.deployDirectory Deploying web application directory [/opt/tomcat/apache-tomcat-8.5.73/webapps/docs]
09-Dec-2021 02:58:52.779 INFO [localhost-startStop-1] org.apache.catalina.startup.HostConfig.deployDirectory Deployment of web application directory [/opt/tomcat/apache-tomcat-8.5.73/webapps/docs] has finished in [29] ms
09-Dec-2021 02:58:52.785 INFO [localhost-startStop-1] org.apache.catalina.startup.HostConfig.deployDirectory Deploying web application directory [/opt/tomcat/apache-tomcat-8.5.73/webapps/examples]
09-Dec-2021 02:58:53.237 INFO [localhost-startStop-1] org.apache.catalina.startup.HostConfig.deployDirectory Deployment of web application directory [/opt/tomcat/apache-tomcat-8.5.73/webapps/examples] has finished in [453] ms
09-Dec-2021 02:58:53.238 INFO [localhost-startStop-1] org.apache.catalina.startup.HostConfig.deployDirectory Deploying web application directory [/opt/tomcat/apache-tomcat-8.5.73/webapps/host-manager]
09-Dec-2021 02:58:53.280 INFO [localhost-startStop-1] org.apache.catalina.startup.HostConfig.deployDirectory Deployment of web application directory [/opt/tomcat/apache-tomcat-8.5.73/webapps/host-manager] has finished in [42] ms
09-Dec-2021 02:58:53.281 INFO [localhost-startStop-1] org.apache.catalina.startup.HostConfig.deployDirectory Deploying web application directory [/opt/tomcat/apache-tomcat-8.5.73/webapps/ROOT]
09-Dec-2021 02:58:53.318 INFO [localhost-startStop-1] org.apache.catalina.startup.HostConfig.deployDirectory Deployment of web application directory [/opt/tomcat/apache-tomcat-8.5.73/webapps/ROOT] has finished in [37] ms
09-Dec-2021 02:58:53.320 INFO [main] org.apache.coyote.AbstractProtocol.start Starting ProtocolHandler ["http-nio-8081"]
09-Dec-2021 02:58:53.337 INFO [main] org.apache.catalina.startup.Catalina.start Server startup in 1233 ms
09-Dec-2021 03:13:23.441 INFO [ContainerBackgroundProcessor[StandardEngine[Catalina]]] org.apache.catalina.startup.HostConfig.undeploy Undeploying context [/host-manager]
09-Dec-2021 03:13:23.461 INFO [localhost-startStop-2] org.apache.catalina.startup.HostConfig.deployDirectory Deploying web application directory [/opt/tomcat/apache-tomcat-8.5.73/webapps/host-manager]
09-Dec-2021 03:13:23.499 INFO [localhost-startStop-2] org.apache.catalina.startup.HostConfig.deployDirectory Deployment of web application directory [/opt/tomcat/apache-tomcat-8.5.73/webapps/host-manager] has finished in [38] ms
09-Dec-2021 03:15:08.284 INFO [main] org.apache.catalina.core.StandardServer.await A valid shutdown command was received via the shutdown port. Stopping the Server instance.
09-Dec-2021 03:15:08.284 INFO [main] org.apache.coyote.AbstractProtocol.pause Pausing ProtocolHandler ["http-nio-8081"]
09-Dec-2021 03:15:08.288 INFO [main] org.apache.catalina.core.StandardService.stopInternal Stopping service [Catalina]
09-Dec-2021 03:15:08.330 INFO [main] org.apache.coyote.AbstractProtocol.stop Stopping ProtocolHandler ["http-nio-8081"]
09-Dec-2021 03:15:08.332 INFO [main] org.apache.coyote.AbstractProtocol.destroy Destroying ProtocolHandler ["http-nio-8081"]
09-Dec-2021 03:15:43.650 INFO [main] org.apache.catalina.startup.VersionLoggerListener.log Server version name:   Apache Tomcat/8.5.73
09-Dec-2021 03:15:43.658 INFO [main] org.apache.catalina.startup.VersionLoggerListener.log Server built:          Nov 11 2021 13:14:36 UTC
09-Dec-2021 03:15:43.659 INFO [main] org.apache.catalina.startup.VersionLoggerListener.log Server version number: 8.5.73.0
09-Dec-2021 03:15:43.660 INFO [main] org.apache.catalina.startup.VersionLoggerListener.log OS Name:               Linux
09-Dec-2021 03:15:43.660 INFO [main] org.apache.catalina.startup.VersionLoggerListener.log OS Version:            5.11.0-1020-aws
09-Dec-2021 03:15:43.660 INFO [main] org.apache.catalina.startup.VersionLoggerListener.log Architecture:          amd64
09-Dec-2021 03:15:43.660 INFO [main] org.apache.catalina.startup.VersionLoggerListener.log Java Home:             /usr/lib/jvm/java-8-openjdk-amd64/jre
09-Dec-2021 03:15:43.661 INFO [main] org.apache.catalina.startup.VersionLoggerListener.log JVM Version:           1.8.0_292-8u292-b10-0ubuntu1~20.04-b10
09-Dec-2021 03:15:43.661 INFO [main] org.apache.catalina.startup.VersionLoggerListener.log JVM Vendor:            Private Build
09-Dec-2021 03:15:43.661 INFO [main] org.apache.catalina.startup.VersionLoggerListener.log CATALINA_BASE:         /opt/tomcat/apache-tomcat-8.5.73
09-Dec-2021 03:15:43.661 INFO [main] org.apache.catalina.startup.VersionLoggerListener.log CATALINA_HOME:         /opt/tomcat/apache-tomcat-8.5.73
09-Dec-2021 03:15:43.662 INFO [main] org.apache.catalina.startup.VersionLoggerListener.log Command line argument: -Djava.util.logging.config.file=/opt/tomcat/apache-tomcat-8.5.73/conf/logging.properties
09-Dec-2021 03:15:43.662 INFO [main] org.apache.catalina.startup.VersionLoggerListener.log Command line argument: -Djava.util.logging.manager=org.apache.juli.ClassLoaderLogManager
09-Dec-2021 03:15:43.662 INFO [main] org.apache.catalina.startup.VersionLoggerListener.log Command line argument: -Djdk.tls.ephemeralDHKeySize=2048
09-Dec-2021 03:15:43.663 INFO [main] org.apache.catalina.startup.VersionLoggerListener.log Command line argument: -Djava.protocol.handler.pkgs=org.apache.catalina.webresources
09-Dec-2021 03:15:43.663 INFO [main] org.apache.catalina.startup.VersionLoggerListener.log Command line argument: -Dorg.apache.catalina.security.SecurityListener.UMASK=0027
09-Dec-2021 03:15:43.663 INFO [main] org.apache.catalina.startup.VersionLoggerListener.log Command line argument: -Dignore.endorsed.dirs=
09-Dec-2021 03:15:43.664 INFO [main] org.apache.catalina.startup.VersionLoggerListener.log Command line argument: -Dcatalina.base=/opt/tomcat/apache-tomcat-8.5.73
09-Dec-2021 03:15:43.666 INFO [main] org.apache.catalina.startup.VersionLoggerListener.log Command line argument: -Dcatalina.home=/opt/tomcat/apache-tomcat-8.5.73
09-Dec-2021 03:15:43.666 INFO [main] org.apache.catalina.startup.VersionLoggerListener.log Command line argument: -Djava.io.tmpdir=/opt/tomcat/apache-tomcat-8.5.73/temp
09-Dec-2021 03:15:43.666 INFO [main] org.apache.catalina.core.AprLifecycleListener.lifecycleEvent The Apache Tomcat Native library which allows using OpenSSL was not found on the java.library.path: [/usr/java/packages/lib/amd64:/usr/lib/x86_64-linux-gnu/jni:/lib/x86_64-linux-gnu:/usr/lib/x86_64-linux-gnu:/usr/lib/jni:/lib:/usr/lib]
09-Dec-2021 03:15:43.835 INFO [main] org.apache.coyote.AbstractProtocol.init Initializing ProtocolHandler ["http-nio-8081"]
09-Dec-2021 03:15:43.866 INFO [main] org.apache.tomcat.util.net.NioSelectorPool.getSharedSelector Using a shared selector for servlet write/read
09-Dec-2021 03:15:43.898 INFO [main] org.apache.catalina.startup.Catalina.load Initialization processed in 1230 ms
09-Dec-2021 03:15:43.970 INFO [main] org.apache.catalina.core.StandardService.startInternal Starting service [Catalina]
09-Dec-2021 03:15:43.970 INFO [main] org.apache.catalina.core.StandardEngine.startInternal Starting Servlet engine: [Apache Tomcat/8.5.73]
09-Dec-2021 03:15:43.996 INFO [localhost-startStop-1] org.apache.catalina.startup.HostConfig.deployDirectory Deploying web application directory [/opt/tomcat/apache-tomcat-8.5.73/webapps/manager]
09-Dec-2021 03:15:44.487 INFO [localhost-startStop-1] org.apache.catalina.startup.HostConfig.deployDirectory Deployment of web application directory [/opt/tomcat/apache-tomcat-8.5.73/webapps/manager] has finished in [490] ms
09-Dec-2021 03:15:44.492 INFO [localhost-startStop-1] org.apache.catalina.startup.HostConfig.deployDirectory Deploying web application directory [/opt/tomcat/apache-tomcat-8.5.73/webapps/docs]
09-Dec-2021 03:15:44.530 INFO [localhost-startStop-1] org.apache.catalina.startup.HostConfig.deployDirectory Deployment of web application directory [/opt/tomcat/apache-tomcat-8.5.73/webapps/docs] has finished in [38] ms
09-Dec-2021 03:15:44.536 INFO [localhost-startStop-1] org.apache.catalina.startup.HostConfig.deployDirectory Deploying web application directory [/opt/tomcat/apache-tomcat-8.5.73/webapps/examples]
09-Dec-2021 03:15:44.983 INFO [localhost-startStop-1] org.apache.catalina.startup.HostConfig.deployDirectory Deployment of web application directory [/opt/tomcat/apache-tomcat-8.5.73/webapps/examples] has finished in [447] ms
09-Dec-2021 03:15:44.988 INFO [localhost-startStop-1] org.apache.catalina.startup.HostConfig.deployDirectory Deploying web application directory [/opt/tomcat/apache-tomcat-8.5.73/webapps/host-manager]
09-Dec-2021 03:15:45.023 INFO [localhost-startStop-1] org.apache.catalina.startup.HostConfig.deployDirectory Deployment of web application directory [/opt/tomcat/apache-tomcat-8.5.73/webapps/host-manager] has finished in [35] ms
09-Dec-2021 03:15:45.029 INFO [localhost-startStop-1] org.apache.catalina.startup.HostConfig.deployDirectory Deploying web application directory [/opt/tomcat/apache-tomcat-8.5.73/webapps/ROOT]
09-Dec-2021 03:15:45.081 INFO [localhost-startStop-1] org.apache.catalina.startup.HostConfig.deployDirectory Deployment of web application directory [/opt/tomcat/apache-tomcat-8.5.73/webapps/ROOT] has finished in [51] ms
09-Dec-2021 03:15:45.087 INFO [main] org.apache.coyote.AbstractProtocol.start Starting ProtocolHandler ["http-nio-8081"]
09-Dec-2021 03:15:45.108 INFO [main] org.apache.catalina.startup.Catalina.start Server startup in 1203 ms
