25-Dec-2021 15:24:42.695 INFO [Thread-4] org.apache.coyote.AbstractProtocol.pause Pausing ProtocolHandler ["http-nio-8081"]
25-Dec-2021 15:24:44.482 INFO [Thread-4] org.apache.catalina.core.StandardService.stopInternal Stopping service [Catalina]
25-Dec-2021 15:24:47.020 INFO [Thread-4] org.apache.coyote.AbstractProtocol.stop Stopping ProtocolHandler ["http-nio-8081"]
25-Dec-2021 15:24:47.445 INFO [Thread-4] org.apache.coyote.AbstractProtocol.destroy Destroying ProtocolHandler ["http-nio-8081"]
25-Dec-2021 15:52:39.547 INFO [main] org.apache.catalina.startup.VersionLoggerListener.log Server version name:   Apache Tomcat/8.5.73
25-Dec-2021 15:52:39.556 INFO [main] org.apache.catalina.startup.VersionLoggerListener.log Server built:          Nov 11 2021 13:14:36 UTC
25-Dec-2021 15:52:39.557 INFO [main] org.apache.catalina.startup.VersionLoggerListener.log Server version number: 8.5.73.0
25-Dec-2021 15:52:39.557 INFO [main] org.apache.catalina.startup.VersionLoggerListener.log OS Name:               Linux
25-Dec-2021 15:52:39.560 INFO [main] org.apache.catalina.startup.VersionLoggerListener.log OS Version:            5.11.0-1022-aws
25-Dec-2021 15:52:39.561 INFO [main] org.apache.catalina.startup.VersionLoggerListener.log Architecture:          amd64
25-Dec-2021 15:52:39.561 INFO [main] org.apache.catalina.startup.VersionLoggerListener.log Java Home:             /usr/lib/jvm/java-8-openjdk-amd64/jre
25-Dec-2021 15:52:39.561 INFO [main] org.apache.catalina.startup.VersionLoggerListener.log JVM Version:           1.8.0_312-8u312-b07-0ubuntu1~20.04-b07
25-Dec-2021 15:52:39.561 INFO [main] org.apache.catalina.startup.VersionLoggerListener.log JVM Vendor:            Private Build
25-Dec-2021 15:52:39.561 INFO [main] org.apache.catalina.startup.VersionLoggerListener.log CATALINA_BASE:         /opt/tomcat/apache-tomcat-8.5.73
25-Dec-2021 15:52:39.561 INFO [main] org.apache.catalina.startup.VersionLoggerListener.log CATALINA_HOME:         /opt/tomcat/apache-tomcat-8.5.73
25-Dec-2021 15:52:39.562 INFO [main] org.apache.catalina.startup.VersionLoggerListener.log Command line argument: -Djava.util.logging.config.file=/opt/tomcat/apache-tomcat-8.5.73/conf/logging.properties
25-Dec-2021 15:52:39.572 INFO [main] org.apache.catalina.startup.VersionLoggerListener.log Command line argument: -Djava.util.logging.manager=org.apache.juli.ClassLoaderLogManager
25-Dec-2021 15:52:39.572 INFO [main] org.apache.catalina.startup.VersionLoggerListener.log Command line argument: -Djdk.tls.ephemeralDHKeySize=2048
25-Dec-2021 15:52:39.573 INFO [main] org.apache.catalina.startup.VersionLoggerListener.log Command line argument: -Djava.protocol.handler.pkgs=org.apache.catalina.webresources
25-Dec-2021 15:52:39.574 INFO [main] org.apache.catalina.startup.VersionLoggerListener.log Command line argument: -Dorg.apache.catalina.security.SecurityListener.UMASK=0027
25-Dec-2021 15:52:39.574 INFO [main] org.apache.catalina.startup.VersionLoggerListener.log Command line argument: -Dignore.endorsed.dirs=
25-Dec-2021 15:52:39.574 INFO [main] org.apache.catalina.startup.VersionLoggerListener.log Command line argument: -Dcatalina.base=/opt/tomcat/apache-tomcat-8.5.73
25-Dec-2021 15:52:39.577 INFO [main] org.apache.catalina.startup.VersionLoggerListener.log Command line argument: -Dcatalina.home=/opt/tomcat/apache-tomcat-8.5.73
25-Dec-2021 15:52:39.577 INFO [main] org.apache.catalina.startup.VersionLoggerListener.log Command line argument: -Djava.io.tmpdir=/opt/tomcat/apache-tomcat-8.5.73/temp
25-Dec-2021 15:52:39.577 INFO [main] org.apache.catalina.core.AprLifecycleListener.lifecycleEvent The Apache Tomcat Native library which allows using OpenSSL was not found on the java.library.path: [/usr/java/packages/lib/amd64:/usr/lib/x86_64-linux-gnu/jni:/lib/x86_64-linux-gnu:/usr/lib/x86_64-linux-gnu:/usr/lib/jni:/lib:/usr/lib]
25-Dec-2021 15:52:39.992 INFO [main] org.apache.coyote.AbstractProtocol.init Initializing ProtocolHandler ["http-nio-8081"]
25-Dec-2021 15:52:40.074 INFO [main] org.apache.tomcat.util.net.NioSelectorPool.getSharedSelector Using a shared selector for servlet write/read
25-Dec-2021 15:52:40.145 INFO [main] org.apache.catalina.startup.Catalina.load Initialization processed in 2854 ms
25-Dec-2021 15:52:40.305 INFO [main] org.apache.catalina.core.StandardService.startInternal Starting service [Catalina]
25-Dec-2021 15:52:40.309 INFO [main] org.apache.catalina.core.StandardEngine.startInternal Starting Servlet engine: [Apache Tomcat/8.5.73]
25-Dec-2021 15:52:40.361 INFO [localhost-startStop-1] org.apache.catalina.startup.HostConfig.deployDirectory Deploying web application directory [/opt/tomcat/apache-tomcat-8.5.73/webapps/manager]
25-Dec-2021 15:52:41.481 INFO [localhost-startStop-1] org.apache.catalina.startup.HostConfig.deployDirectory Deployment of web application directory [/opt/tomcat/apache-tomcat-8.5.73/webapps/manager] has finished in [1,106] ms
25-Dec-2021 15:52:41.482 INFO [localhost-startStop-1] org.apache.catalina.startup.HostConfig.deployDirectory Deploying web application directory [/opt/tomcat/apache-tomcat-8.5.73/webapps/docs]
25-Dec-2021 15:52:41.573 INFO [localhost-startStop-1] org.apache.catalina.startup.HostConfig.deployDirectory Deployment of web application directory [/opt/tomcat/apache-tomcat-8.5.73/webapps/docs] has finished in [92] ms
25-Dec-2021 15:52:41.576 INFO [localhost-startStop-1] org.apache.catalina.startup.HostConfig.deployDirectory Deploying web application directory [/opt/tomcat/apache-tomcat-8.5.73/webapps/examples]
25-Dec-2021 15:52:42.577 INFO [localhost-startStop-1] org.apache.catalina.startup.HostConfig.deployDirectory Deployment of web application directory [/opt/tomcat/apache-tomcat-8.5.73/webapps/examples] has finished in [1,001] ms
25-Dec-2021 15:52:42.579 INFO [localhost-startStop-1] org.apache.catalina.startup.HostConfig.deployDirectory Deploying web application directory [/opt/tomcat/apache-tomcat-8.5.73/webapps/host-manager]
25-Dec-2021 15:52:42.658 INFO [localhost-startStop-1] org.apache.catalina.startup.HostConfig.deployDirectory Deployment of web application directory [/opt/tomcat/apache-tomcat-8.5.73/webapps/host-manager] has finished in [79] ms
25-Dec-2021 15:52:42.659 INFO [localhost-startStop-1] org.apache.catalina.startup.HostConfig.deployDirectory Deploying web application directory [/opt/tomcat/apache-tomcat-8.5.73/webapps/ROOT]
25-Dec-2021 15:52:42.773 INFO [localhost-startStop-1] org.apache.catalina.startup.HostConfig.deployDirectory Deployment of web application directory [/opt/tomcat/apache-tomcat-8.5.73/webapps/ROOT] has finished in [114] ms
25-Dec-2021 15:52:42.787 INFO [main] org.apache.coyote.AbstractProtocol.start Starting ProtocolHandler ["http-nio-8081"]
25-Dec-2021 15:52:42.821 INFO [main] org.apache.catalina.startup.Catalina.start Server startup in 2674 ms
25-Dec-2021 17:07:51.387 INFO [Thread-4] org.apache.coyote.AbstractProtocol.pause Pausing ProtocolHandler ["http-nio-8081"]
25-Dec-2021 17:07:51.667 INFO [Thread-4] org.apache.catalina.core.StandardService.stopInternal Stopping service [Catalina]
25-Dec-2021 17:07:52.973 INFO [Thread-4] org.apache.coyote.AbstractProtocol.stop Stopping ProtocolHandler ["http-nio-8081"]
25-Dec-2021 17:07:53.375 INFO [Thread-4] org.apache.coyote.AbstractProtocol.destroy Destroying ProtocolHandler ["http-nio-8081"]
25-Dec-2021 17:27:52.324 INFO [main] org.apache.catalina.startup.VersionLoggerListener.log Server version name:   Apache Tomcat/8.5.73
25-Dec-2021 17:27:52.328 INFO [main] org.apache.catalina.startup.VersionLoggerListener.log Server built:          Nov 11 2021 13:14:36 UTC
25-Dec-2021 17:27:52.328 INFO [main] org.apache.catalina.startup.VersionLoggerListener.log Server version number: 8.5.73.0
25-Dec-2021 17:27:52.329 INFO [main] org.apache.catalina.startup.VersionLoggerListener.log OS Name:               Linux
25-Dec-2021 17:27:52.329 INFO [main] org.apache.catalina.startup.VersionLoggerListener.log OS Version:            5.11.0-1022-aws
25-Dec-2021 17:27:52.329 INFO [main] org.apache.catalina.startup.VersionLoggerListener.log Architecture:          amd64
25-Dec-2021 17:27:52.330 INFO [main] org.apache.catalina.startup.VersionLoggerListener.log Java Home:             /usr/lib/jvm/java-8-openjdk-amd64/jre
25-Dec-2021 17:27:52.330 INFO [main] org.apache.catalina.startup.VersionLoggerListener.log JVM Version:           1.8.0_312-8u312-b07-0ubuntu1~20.04-b07
25-Dec-2021 17:27:52.332 INFO [main] org.apache.catalina.startup.VersionLoggerListener.log JVM Vendor:            Private Build
25-Dec-2021 17:27:52.333 INFO [main] org.apache.catalina.startup.VersionLoggerListener.log CATALINA_BASE:         /opt/tomcat/apache-tomcat-8.5.73
25-Dec-2021 17:27:52.333 INFO [main] org.apache.catalina.startup.VersionLoggerListener.log CATALINA_HOME:         /opt/tomcat/apache-tomcat-8.5.73
25-Dec-2021 17:27:52.334 INFO [main] org.apache.catalina.startup.VersionLoggerListener.log Command line argument: -Djava.util.logging.config.file=/opt/tomcat/apache-tomcat-8.5.73/conf/logging.properties
25-Dec-2021 17:27:52.334 INFO [main] org.apache.catalina.startup.VersionLoggerListener.log Command line argument: -Djava.util.logging.manager=org.apache.juli.ClassLoaderLogManager
25-Dec-2021 17:27:52.334 INFO [main] org.apache.catalina.startup.VersionLoggerListener.log Command line argument: -Djdk.tls.ephemeralDHKeySize=2048
25-Dec-2021 17:27:52.335 INFO [main] org.apache.catalina.startup.VersionLoggerListener.log Command line argument: -Djava.protocol.handler.pkgs=org.apache.catalina.webresources
25-Dec-2021 17:27:52.336 INFO [main] org.apache.catalina.startup.VersionLoggerListener.log Command line argument: -Dorg.apache.catalina.security.SecurityListener.UMASK=0027
25-Dec-2021 17:27:52.336 INFO [main] org.apache.catalina.startup.VersionLoggerListener.log Command line argument: -Dignore.endorsed.dirs=
25-Dec-2021 17:27:52.336 INFO [main] org.apache.catalina.startup.VersionLoggerListener.log Command line argument: -Dcatalina.base=/opt/tomcat/apache-tomcat-8.5.73
25-Dec-2021 17:27:52.338 INFO [main] org.apache.catalina.startup.VersionLoggerListener.log Command line argument: -Dcatalina.home=/opt/tomcat/apache-tomcat-8.5.73
25-Dec-2021 17:27:52.339 INFO [main] org.apache.catalina.startup.VersionLoggerListener.log Command line argument: -Djava.io.tmpdir=/opt/tomcat/apache-tomcat-8.5.73/temp
25-Dec-2021 17:27:52.339 INFO [main] org.apache.catalina.core.AprLifecycleListener.lifecycleEvent The Apache Tomcat Native library which allows using OpenSSL was not found on the java.library.path: [/usr/java/packages/lib/amd64:/usr/lib/x86_64-linux-gnu/jni:/lib/x86_64-linux-gnu:/usr/lib/x86_64-linux-gnu:/usr/lib/jni:/lib:/usr/lib]
25-Dec-2021 17:27:52.544 INFO [main] org.apache.coyote.AbstractProtocol.init Initializing ProtocolHandler ["http-nio-8081"]
25-Dec-2021 17:27:52.580 INFO [main] org.apache.tomcat.util.net.NioSelectorPool.getSharedSelector Using a shared selector for servlet write/read
25-Dec-2021 17:27:52.610 INFO [main] org.apache.catalina.startup.Catalina.load Initialization processed in 1383 ms
25-Dec-2021 17:27:52.688 INFO [main] org.apache.catalina.core.StandardService.startInternal Starting service [Catalina]
25-Dec-2021 17:27:52.688 INFO [main] org.apache.catalina.core.StandardEngine.startInternal Starting Servlet engine: [Apache Tomcat/8.5.73]
25-Dec-2021 17:27:52.720 INFO [localhost-startStop-1] org.apache.catalina.startup.HostConfig.deployDirectory Deploying web application directory [/opt/tomcat/apache-tomcat-8.5.73/webapps/manager]
25-Dec-2021 17:27:53.264 INFO [localhost-startStop-1] org.apache.catalina.startup.HostConfig.deployDirectory Deployment of web application directory [/opt/tomcat/apache-tomcat-8.5.73/webapps/manager] has finished in [543] ms
25-Dec-2021 17:27:53.264 INFO [localhost-startStop-1] org.apache.catalina.startup.HostConfig.deployDirectory Deploying web application directory [/opt/tomcat/apache-tomcat-8.5.73/webapps/docs]
25-Dec-2021 17:27:53.305 INFO [localhost-startStop-1] org.apache.catalina.startup.HostConfig.deployDirectory Deployment of web application directory [/opt/tomcat/apache-tomcat-8.5.73/webapps/docs] has finished in [41] ms
25-Dec-2021 17:27:53.305 INFO [localhost-startStop-1] org.apache.catalina.startup.HostConfig.deployDirectory Deploying web application directory [/opt/tomcat/apache-tomcat-8.5.73/webapps/examples]
25-Dec-2021 17:27:53.796 INFO [localhost-startStop-1] org.apache.catalina.startup.HostConfig.deployDirectory Deployment of web application directory [/opt/tomcat/apache-tomcat-8.5.73/webapps/examples] has finished in [491] ms
25-Dec-2021 17:27:53.797 INFO [localhost-startStop-1] org.apache.catalina.startup.HostConfig.deployDirectory Deploying web application directory [/opt/tomcat/apache-tomcat-8.5.73/webapps/host-manager]
25-Dec-2021 17:27:53.837 INFO [localhost-startStop-1] org.apache.catalina.startup.HostConfig.deployDirectory Deployment of web application directory [/opt/tomcat/apache-tomcat-8.5.73/webapps/host-manager] has finished in [40] ms
25-Dec-2021 17:27:53.837 INFO [localhost-startStop-1] org.apache.catalina.startup.HostConfig.deployDirectory Deploying web application directory [/opt/tomcat/apache-tomcat-8.5.73/webapps/ROOT]
25-Dec-2021 17:27:53.894 INFO [localhost-startStop-1] org.apache.catalina.startup.HostConfig.deployDirectory Deployment of web application directory [/opt/tomcat/apache-tomcat-8.5.73/webapps/ROOT] has finished in [57] ms
25-Dec-2021 17:27:53.898 INFO [main] org.apache.coyote.AbstractProtocol.start Starting ProtocolHandler ["http-nio-8081"]
25-Dec-2021 17:27:53.912 INFO [main] org.apache.catalina.startup.Catalina.start Server startup in 1301 ms
25-Dec-2021 20:30:11.475 INFO [http-nio-8081-exec-6] org.apache.coyote.http11.Http11Processor.service Error parsing HTTP request header
 Note: further occurrences of HTTP request parsing errors will be logged at DEBUG level.
	java.lang.IllegalArgumentException: Invalid character found in method name [0x160x030x010x000x8a0x010x000x000x860x030x030x820x960xf90xf90xe30xef0xb60xffe[C70x190xbd0x160x9dn0xff0xf70x1b4<0xb20xc10x020x85C0xa40xa70xbfFg0x000x000x1a0xc0/0xc0+0xc00x110xc00x070xc00x130xc00x090xc00x140xc00x0a0x000x050x00/0x0050xc00x120x000x0a0x010x000x00C0x000x000x000x110x000x0f0x000x000x0c35.183.45.680x000x050x000x050x010x000x000x000x000x000x0a0x000x080x000x060x000x170x000x180x000x190x000x0b0x000x020x010x000x000x0d0x000x0a0x000x080x040x010x040x030x020x010x020x030xff0x010x000x010x00...]. HTTP method names must be tokens
		at org.apache.coyote.http11.Http11InputBuffer.parseRequestLine(Http11InputBuffer.java:434)
		at org.apache.coyote.http11.Http11Processor.service(Http11Processor.java:511)
		at org.apache.coyote.AbstractProcessorLight.process(AbstractProcessorLight.java:65)
		at org.apache.coyote.AbstractProtocol$ConnectionHandler.process(AbstractProtocol.java:831)
		at org.apache.tomcat.util.net.NioEndpoint$SocketProcessor.doRun(NioEndpoint.java:1673)
		at org.apache.tomcat.util.net.SocketProcessorBase.run(SocketProcessorBase.java:49)
		at org.apache.tomcat.util.threads.ThreadPoolExecutor.runWorker(ThreadPoolExecutor.java:1191)
		at org.apache.tomcat.util.threads.ThreadPoolExecutor$Worker.run(ThreadPoolExecutor.java:659)
		at org.apache.tomcat.util.threads.TaskThread$WrappingRunnable.run(TaskThread.java:61)
		at java.lang.Thread.run(Thread.java:748)
